{"/Users/leoojigbo/Documents/current-work/npm-packages/js-helper-fns/src/arrayUtils.js": {"path":"/Users/leoojigbo/Documents/current-work/npm-packages/js-helper-fns/src/arrayUtils.js","statementMap":{"0":{"start":{"line":2,"column":21},"end":{"line":2,"column":46}},"1":{"start":{"line":2,"column":30},"end":{"line":2,"column":46}},"2":{"start":{"line":5,"column":25},"end":{"line":5,"column":51}},"3":{"start":{"line":5,"column":34},"end":{"line":5,"column":51}},"4":{"start":{"line":8,"column":21},"end":{"line":8,"column":48}},"5":{"start":{"line":8,"column":30},"end":{"line":8,"column":48}},"6":{"start":{"line":11,"column":14},"end":{"line":11,"column":29}},"7":{"start":{"line":11,"column":23},"end":{"line":11,"column":29}},"8":{"start":{"line":14,"column":13},"end":{"line":14,"column":41}},"9":{"start":{"line":14,"column":22},"end":{"line":14,"column":41}},"10":{"start":{"line":17,"column":22},"end":{"line":17,"column":57}},"11":{"start":{"line":17,"column":38},"end":{"line":17,"column":57}},"12":{"start":{"line":20,"column":18},"end":{"line":20,"column":52}},"13":{"start":{"line":20,"column":34},"end":{"line":20,"column":52}},"14":{"start":{"line":23,"column":22},"end":{"line":23,"column":60}},"15":{"start":{"line":23,"column":38},"end":{"line":23,"column":60}},"16":{"start":{"line":26,"column":20},"end":{"line":26,"column":41}},"17":{"start":{"line":26,"column":29},"end":{"line":26,"column":41}},"18":{"start":{"line":29,"column":19},"end":{"line":29,"column":44}},"19":{"start":{"line":29,"column":28},"end":{"line":29,"column":44}},"20":{"start":{"line":32,"column":19},"end":{"line":32,"column":61}},"21":{"start":{"line":32,"column":40},"end":{"line":32,"column":61}},"22":{"start":{"line":35,"column":12},"end":{"line":35,"column":42}},"23":{"start":{"line":35,"column":27},"end":{"line":35,"column":42}},"24":{"start":{"line":38,"column":12},"end":{"line":38,"column":41}},"25":{"start":{"line":38,"column":27},"end":{"line":38,"column":41}},"26":{"start":{"line":41,"column":17},"end":{"line":41,"column":45}},"27":{"start":{"line":41,"column":32},"end":{"line":41,"column":45}},"28":{"start":{"line":44,"column":20},"end":{"line":44,"column":51}},"29":{"start":{"line":44,"column":35},"end":{"line":44,"column":51}},"30":{"start":{"line":47,"column":20},"end":{"line":47,"column":79}},"31":{"start":{"line":47,"column":49},"end":{"line":47,"column":79}},"32":{"start":{"line":50,"column":20},"end":{"line":50,"column":49}},"33":{"start":{"line":50,"column":35},"end":{"line":50,"column":49}},"34":{"start":{"line":53,"column":24},"end":{"line":53,"column":55}},"35":{"start":{"line":53,"column":39},"end":{"line":53,"column":55}},"36":{"start":{"line":56,"column":20},"end":{"line":56,"column":72}},"37":{"start":{"line":56,"column":36},"end":{"line":56,"column":72}},"38":{"start":{"line":56,"column":57},"end":{"line":56,"column":71}},"39":{"start":{"line":59,"column":16},"end":{"line":65,"column":8}},"40":{"start":{"line":60,"column":2},"end":{"line":65,"column":8}},"41":{"start":{"line":62,"column":6},"end":{"line":62,"column":73}},"42":{"start":{"line":63,"column":4},"end":{"line":63,"column":43}},"43":{"start":{"line":64,"column":4},"end":{"line":64,"column":15}},"44":{"start":{"line":68,"column":12},"end":{"line":68,"column":37}},"45":{"start":{"line":68,"column":21},"end":{"line":68,"column":37}},"46":{"start":{"line":71,"column":12},"end":{"line":71,"column":37}},"47":{"start":{"line":71,"column":21},"end":{"line":71,"column":37}},"48":{"start":{"line":74,"column":12},"end":{"line":74,"column":59}},"49":{"start":{"line":74,"column":21},"end":{"line":74,"column":59}},"50":{"start":{"line":74,"column":46},"end":{"line":74,"column":55}},"51":{"start":{"line":77,"column":16},"end":{"line":77,"column":46}},"52":{"start":{"line":77,"column":25},"end":{"line":77,"column":46}},"53":{"start":{"line":80,"column":16},"end":{"line":80,"column":60}},"54":{"start":{"line":80,"column":25},"end":{"line":80,"column":60}},"55":{"start":{"line":80,"column":40},"end":{"line":80,"column":59}},"56":{"start":{"line":83,"column":16},"end":{"line":83,"column":55}},"57":{"start":{"line":83,"column":25},"end":{"line":83,"column":55}},"58":{"start":{"line":83,"column":49},"end":{"line":83,"column":54}},"59":{"start":{"line":86,"column":17},"end":{"line":86,"column":56}},"60":{"start":{"line":86,"column":26},"end":{"line":86,"column":56}},"61":{"start":{"line":86,"column":50},"end":{"line":86,"column":55}},"62":{"start":{"line":89,"column":20},"end":{"line":90,"column":53}},"63":{"start":{"line":90,"column":2},"end":{"line":90,"column":53}},"64":{"start":{"line":90,"column":29},"end":{"line":90,"column":52}},"65":{"start":{"line":93,"column":21},"end":{"line":94,"column":53}},"66":{"start":{"line":94,"column":2},"end":{"line":94,"column":53}},"67":{"start":{"line":94,"column":29},"end":{"line":94,"column":52}},"68":{"start":{"line":97,"column":20},"end":{"line":97,"column":48}},"69":{"start":{"line":97,"column":35},"end":{"line":97,"column":48}},"70":{"start":{"line":99,"column":0},"end":{"line":130,"column":2}}},"fnMap":{"0":{"name":"(anonymous_0)","decl":{"start":{"line":2,"column":21},"end":{"line":2,"column":22}},"loc":{"start":{"line":2,"column":30},"end":{"line":2,"column":46}},"line":2},"1":{"name":"(anonymous_1)","decl":{"start":{"line":5,"column":25},"end":{"line":5,"column":26}},"loc":{"start":{"line":5,"column":34},"end":{"line":5,"column":51}},"line":5},"2":{"name":"(anonymous_2)","decl":{"start":{"line":8,"column":21},"end":{"line":8,"column":22}},"loc":{"start":{"line":8,"column":30},"end":{"line":8,"column":48}},"line":8},"3":{"name":"(anonymous_3)","decl":{"start":{"line":11,"column":14},"end":{"line":11,"column":15}},"loc":{"start":{"line":11,"column":23},"end":{"line":11,"column":29}},"line":11},"4":{"name":"(anonymous_4)","decl":{"start":{"line":14,"column":13},"end":{"line":14,"column":14}},"loc":{"start":{"line":14,"column":22},"end":{"line":14,"column":41}},"line":14},"5":{"name":"(anonymous_5)","decl":{"start":{"line":17,"column":22},"end":{"line":17,"column":23}},"loc":{"start":{"line":17,"column":38},"end":{"line":17,"column":57}},"line":17},"6":{"name":"(anonymous_6)","decl":{"start":{"line":20,"column":18},"end":{"line":20,"column":19}},"loc":{"start":{"line":20,"column":34},"end":{"line":20,"column":52}},"line":20},"7":{"name":"(anonymous_7)","decl":{"start":{"line":23,"column":22},"end":{"line":23,"column":23}},"loc":{"start":{"line":23,"column":38},"end":{"line":23,"column":60}},"line":23},"8":{"name":"(anonymous_8)","decl":{"start":{"line":26,"column":20},"end":{"line":26,"column":21}},"loc":{"start":{"line":26,"column":29},"end":{"line":26,"column":41}},"line":26},"9":{"name":"(anonymous_9)","decl":{"start":{"line":29,"column":19},"end":{"line":29,"column":20}},"loc":{"start":{"line":29,"column":28},"end":{"line":29,"column":44}},"line":29},"10":{"name":"(anonymous_10)","decl":{"start":{"line":32,"column":19},"end":{"line":32,"column":20}},"loc":{"start":{"line":32,"column":40},"end":{"line":32,"column":61}},"line":32},"11":{"name":"(anonymous_11)","decl":{"start":{"line":35,"column":12},"end":{"line":35,"column":13}},"loc":{"start":{"line":35,"column":27},"end":{"line":35,"column":42}},"line":35},"12":{"name":"(anonymous_12)","decl":{"start":{"line":38,"column":12},"end":{"line":38,"column":13}},"loc":{"start":{"line":38,"column":27},"end":{"line":38,"column":41}},"line":38},"13":{"name":"(anonymous_13)","decl":{"start":{"line":41,"column":17},"end":{"line":41,"column":18}},"loc":{"start":{"line":41,"column":32},"end":{"line":41,"column":45}},"line":41},"14":{"name":"(anonymous_14)","decl":{"start":{"line":44,"column":20},"end":{"line":44,"column":21}},"loc":{"start":{"line":44,"column":35},"end":{"line":44,"column":51}},"line":44},"15":{"name":"(anonymous_15)","decl":{"start":{"line":47,"column":20},"end":{"line":47,"column":21}},"loc":{"start":{"line":47,"column":49},"end":{"line":47,"column":79}},"line":47},"16":{"name":"(anonymous_16)","decl":{"start":{"line":50,"column":20},"end":{"line":50,"column":21}},"loc":{"start":{"line":50,"column":35},"end":{"line":50,"column":49}},"line":50},"17":{"name":"(anonymous_17)","decl":{"start":{"line":53,"column":24},"end":{"line":53,"column":25}},"loc":{"start":{"line":53,"column":39},"end":{"line":53,"column":55}},"line":53},"18":{"name":"(anonymous_18)","decl":{"start":{"line":56,"column":20},"end":{"line":56,"column":21}},"loc":{"start":{"line":56,"column":36},"end":{"line":56,"column":72}},"line":56},"19":{"name":"(anonymous_19)","decl":{"start":{"line":56,"column":47},"end":{"line":56,"column":48}},"loc":{"start":{"line":56,"column":57},"end":{"line":56,"column":71}},"line":56},"20":{"name":"(anonymous_20)","decl":{"start":{"line":59,"column":16},"end":{"line":59,"column":17}},"loc":{"start":{"line":60,"column":2},"end":{"line":65,"column":8}},"line":60},"21":{"name":"(anonymous_21)","decl":{"start":{"line":60,"column":13},"end":{"line":60,"column":14}},"loc":{"start":{"line":60,"column":28},"end":{"line":65,"column":3}},"line":60},"22":{"name":"(anonymous_22)","decl":{"start":{"line":68,"column":12},"end":{"line":68,"column":13}},"loc":{"start":{"line":68,"column":21},"end":{"line":68,"column":37}},"line":68},"23":{"name":"(anonymous_23)","decl":{"start":{"line":71,"column":12},"end":{"line":71,"column":13}},"loc":{"start":{"line":71,"column":21},"end":{"line":71,"column":37}},"line":71},"24":{"name":"(anonymous_24)","decl":{"start":{"line":74,"column":12},"end":{"line":74,"column":13}},"loc":{"start":{"line":74,"column":21},"end":{"line":74,"column":59}},"line":74},"25":{"name":"(anonymous_25)","decl":{"start":{"line":74,"column":32},"end":{"line":74,"column":33}},"loc":{"start":{"line":74,"column":46},"end":{"line":74,"column":55}},"line":74},"26":{"name":"(anonymous_26)","decl":{"start":{"line":77,"column":16},"end":{"line":77,"column":17}},"loc":{"start":{"line":77,"column":25},"end":{"line":77,"column":46}},"line":77},"27":{"name":"(anonymous_27)","decl":{"start":{"line":80,"column":16},"end":{"line":80,"column":17}},"loc":{"start":{"line":80,"column":25},"end":{"line":80,"column":60}},"line":80},"28":{"name":"(anonymous_28)","decl":{"start":{"line":80,"column":34},"end":{"line":80,"column":35}},"loc":{"start":{"line":80,"column":40},"end":{"line":80,"column":59}},"line":80},"29":{"name":"(anonymous_29)","decl":{"start":{"line":83,"column":16},"end":{"line":83,"column":17}},"loc":{"start":{"line":83,"column":25},"end":{"line":83,"column":55}},"line":83},"30":{"name":"(anonymous_30)","decl":{"start":{"line":83,"column":39},"end":{"line":83,"column":40}},"loc":{"start":{"line":83,"column":49},"end":{"line":83,"column":54}},"line":83},"31":{"name":"(anonymous_31)","decl":{"start":{"line":86,"column":17},"end":{"line":86,"column":18}},"loc":{"start":{"line":86,"column":26},"end":{"line":86,"column":56}},"line":86},"32":{"name":"(anonymous_32)","decl":{"start":{"line":86,"column":40},"end":{"line":86,"column":41}},"loc":{"start":{"line":86,"column":50},"end":{"line":86,"column":55}},"line":86},"33":{"name":"(anonymous_33)","decl":{"start":{"line":89,"column":20},"end":{"line":89,"column":21}},"loc":{"start":{"line":90,"column":2},"end":{"line":90,"column":53}},"line":90},"34":{"name":"(anonymous_34)","decl":{"start":{"line":90,"column":12},"end":{"line":90,"column":13}},"loc":{"start":{"line":90,"column":29},"end":{"line":90,"column":52}},"line":90},"35":{"name":"(anonymous_35)","decl":{"start":{"line":93,"column":21},"end":{"line":93,"column":22}},"loc":{"start":{"line":94,"column":2},"end":{"line":94,"column":53}},"line":94},"36":{"name":"(anonymous_36)","decl":{"start":{"line":94,"column":12},"end":{"line":94,"column":13}},"loc":{"start":{"line":94,"column":29},"end":{"line":94,"column":52}},"line":94},"37":{"name":"(anonymous_37)","decl":{"start":{"line":97,"column":20},"end":{"line":97,"column":21}},"loc":{"start":{"line":97,"column":35},"end":{"line":97,"column":48}},"line":97}},"branchMap":{"0":{"loc":{"start":{"line":62,"column":6},"end":{"line":62,"column":73}},"type":"cond-expr","locations":[{"start":{"line":62,"column":40},"end":{"line":62,"column":55}},{"start":{"line":62,"column":58},"end":{"line":62,"column":73}}],"line":62},"1":{"loc":{"start":{"line":63,"column":16},"end":{"line":63,"column":30}},"type":"binary-expr","locations":[{"start":{"line":63,"column":16},"end":{"line":63,"column":24}},{"start":{"line":63,"column":28},"end":{"line":63,"column":30}}],"line":63},"2":{"loc":{"start":{"line":90,"column":29},"end":{"line":90,"column":52}},"type":"binary-expr","locations":[{"start":{"line":90,"column":29},"end":{"line":90,"column":31}},{"start":{"line":90,"column":35},"end":{"line":90,"column":52}}],"line":90},"3":{"loc":{"start":{"line":94,"column":29},"end":{"line":94,"column":52}},"type":"binary-expr","locations":[{"start":{"line":94,"column":29},"end":{"line":94,"column":31}},{"start":{"line":94,"column":35},"end":{"line":94,"column":52}}],"line":94}},"s":{"0":1,"1":2,"2":1,"3":1,"4":1,"5":1,"6":1,"7":1,"8":1,"9":1,"10":1,"11":2,"12":1,"13":2,"14":1,"15":2,"16":1,"17":1,"18":1,"19":1,"20":1,"21":1,"22":1,"23":2,"24":1,"25":2,"26":1,"27":1,"28":1,"29":1,"30":1,"31":1,"32":1,"33":1,"34":1,"35":1,"36":1,"37":1,"38":4,"39":1,"40":1,"41":3,"42":3,"43":3,"44":1,"45":1,"46":1,"47":1,"48":1,"49":2,"50":8,"51":1,"52":1,"53":1,"54":1,"55":8,"56":1,"57":1,"58":8,"59":1,"60":1,"61":4,"62":1,"63":2,"64":7,"65":1,"66":2,"67":7,"68":1,"69":1,"70":1},"f":{"0":2,"1":1,"2":1,"3":1,"4":1,"5":2,"6":2,"7":2,"8":1,"9":1,"10":1,"11":2,"12":2,"13":1,"14":1,"15":1,"16":1,"17":1,"18":1,"19":4,"20":1,"21":3,"22":1,"23":1,"24":2,"25":8,"26":1,"27":1,"28":8,"29":1,"30":8,"31":1,"32":4,"33":2,"34":7,"35":2,"36":7,"37":1},"b":{"0":[0,3],"1":[3,2],"2":[7,5],"3":[7,5]},"_coverageSchema":"1a1c01bbd47fc00a2c39e90264f33305004495a9","hash":"55a9b5827c823f4cef39bc83ef18a3d940e9a228"}
,"/Users/leoojigbo/Documents/current-work/npm-packages/js-helper-fns/src/dateUtils.js": {"path":"/Users/leoojigbo/Documents/current-work/npm-packages/js-helper-fns/src/dateUtils.js","statementMap":{"0":{"start":{"line":2,"column":19},"end":{"line":8,"column":1}},"1":{"start":{"line":3,"column":12},"end":{"line":3,"column":26}},"2":{"start":{"line":4,"column":15},"end":{"line":4,"column":30}},"3":{"start":{"line":5,"column":16},"end":{"line":5,"column":52}},"4":{"start":{"line":6,"column":14},"end":{"line":6,"column":43}},"5":{"start":{"line":7,"column":2},"end":{"line":7,"column":35}},"6":{"start":{"line":11,"column":25},"end":{"line":22,"column":1}},"7":{"start":{"line":12,"column":12},"end":{"line":12,"column":26}},"8":{"start":{"line":13,"column":14},"end":{"line":20,"column":3}},"9":{"start":{"line":21,"column":2},"end":{"line":21,"column":76}},"10":{"start":{"line":21,"column":62},"end":{"line":21,"column":74}},"11":{"start":{"line":25,"column":23},"end":{"line":30,"column":1}},"12":{"start":{"line":26,"column":13},"end":{"line":26,"column":28}},"13":{"start":{"line":27,"column":13},"end":{"line":27,"column":28}},"14":{"start":{"line":28,"column":19},"end":{"line":28,"column":36}},"15":{"start":{"line":29,"column":2},"end":{"line":29,"column":50}},"16":{"start":{"line":33,"column":24},"end":{"line":35,"column":1}},"17":{"start":{"line":34,"column":2},"end":{"line":34,"column":54}},"18":{"start":{"line":38,"column":25},"end":{"line":44,"column":1}},"19":{"start":{"line":39,"column":13},"end":{"line":39,"column":28}},"20":{"start":{"line":40,"column":13},"end":{"line":40,"column":28}},"21":{"start":{"line":41,"column":2},"end":{"line":43,"column":4}},"22":{"start":{"line":47,"column":24},"end":{"line":49,"column":1}},"23":{"start":{"line":48,"column":2},"end":{"line":48,"column":71}},"24":{"start":{"line":52,"column":16},"end":{"line":56,"column":1}},"25":{"start":{"line":53,"column":17},"end":{"line":53,"column":31}},"26":{"start":{"line":54,"column":2},"end":{"line":54,"column":42}},"27":{"start":{"line":55,"column":2},"end":{"line":55,"column":16}},"28":{"start":{"line":59,"column":17},"end":{"line":61,"column":1}},"29":{"start":{"line":60,"column":2},"end":{"line":60,"column":34}},"30":{"start":{"line":64,"column":18},"end":{"line":68,"column":1}},"31":{"start":{"line":65,"column":17},"end":{"line":65,"column":31}},"32":{"start":{"line":66,"column":2},"end":{"line":66,"column":46}},"33":{"start":{"line":67,"column":2},"end":{"line":67,"column":16}},"34":{"start":{"line":71,"column":17},"end":{"line":75,"column":1}},"35":{"start":{"line":72,"column":17},"end":{"line":72,"column":31}},"36":{"start":{"line":73,"column":2},"end":{"line":73,"column":51}},"37":{"start":{"line":74,"column":2},"end":{"line":74,"column":16}},"38":{"start":{"line":78,"column":17},"end":{"line":80,"column":1}},"39":{"start":{"line":79,"column":2},"end":{"line":79,"column":43}},"40":{"start":{"line":83,"column":16},"end":{"line":85,"column":1}},"41":{"start":{"line":84,"column":2},"end":{"line":84,"column":43}},"42":{"start":{"line":88,"column":18},"end":{"line":96,"column":1}},"43":{"start":{"line":89,"column":13},"end":{"line":89,"column":28}},"44":{"start":{"line":90,"column":13},"end":{"line":90,"column":28}},"45":{"start":{"line":91,"column":2},"end":{"line":95,"column":4}},"46":{"start":{"line":99,"column":19},"end":{"line":103,"column":1}},"47":{"start":{"line":100,"column":12},"end":{"line":100,"column":26}},"48":{"start":{"line":101,"column":2},"end":{"line":101,"column":25}},"49":{"start":{"line":102,"column":2},"end":{"line":102,"column":11}},"50":{"start":{"line":106,"column":17},"end":{"line":110,"column":1}},"51":{"start":{"line":107,"column":12},"end":{"line":107,"column":26}},"52":{"start":{"line":108,"column":2},"end":{"line":108,"column":30}},"53":{"start":{"line":109,"column":2},"end":{"line":109,"column":11}},"54":{"start":{"line":113,"column":20},"end":{"line":118,"column":1}},"55":{"start":{"line":114,"column":12},"end":{"line":114,"column":26}},"56":{"start":{"line":115,"column":14},"end":{"line":115,"column":24}},"57":{"start":{"line":116,"column":15},"end":{"line":116,"column":68}},"58":{"start":{"line":117,"column":2},"end":{"line":117,"column":35}},"59":{"start":{"line":121,"column":18},"end":{"line":124,"column":1}},"60":{"start":{"line":122,"column":16},"end":{"line":122,"column":49}},"61":{"start":{"line":123,"column":2},"end":{"line":123,"column":27}},"62":{"start":{"line":127,"column":21},"end":{"line":132,"column":1}},"63":{"start":{"line":128,"column":12},"end":{"line":128,"column":26}},"64":{"start":{"line":129,"column":2},"end":{"line":129,"column":15}},"65":{"start":{"line":130,"column":2},"end":{"line":130,"column":25}},"66":{"start":{"line":131,"column":2},"end":{"line":131,"column":11}},"67":{"start":{"line":135,"column":19},"end":{"line":141,"column":1}},"68":{"start":{"line":136,"column":12},"end":{"line":136,"column":26}},"69":{"start":{"line":137,"column":2},"end":{"line":137,"column":31}},"70":{"start":{"line":138,"column":2},"end":{"line":138,"column":15}},"71":{"start":{"line":139,"column":2},"end":{"line":139,"column":30}},"72":{"start":{"line":140,"column":2},"end":{"line":140,"column":11}},"73":{"start":{"line":144,"column":20},"end":{"line":149,"column":1}},"74":{"start":{"line":145,"column":12},"end":{"line":145,"column":26}},"75":{"start":{"line":146,"column":2},"end":{"line":146,"column":19}},"76":{"start":{"line":147,"column":2},"end":{"line":147,"column":25}},"77":{"start":{"line":148,"column":2},"end":{"line":148,"column":11}},"78":{"start":{"line":152,"column":18},"end":{"line":157,"column":1}},"79":{"start":{"line":153,"column":12},"end":{"line":153,"column":26}},"80":{"start":{"line":154,"column":2},"end":{"line":154,"column":21}},"81":{"start":{"line":155,"column":2},"end":{"line":155,"column":30}},"82":{"start":{"line":156,"column":2},"end":{"line":156,"column":11}},"83":{"start":{"line":159,"column":0},"end":{"line":181,"column":2}}},"fnMap":{"0":{"name":"(anonymous_0)","decl":{"start":{"line":2,"column":19},"end":{"line":2,"column":20}},"loc":{"start":{"line":2,"column":29},"end":{"line":8,"column":1}},"line":2},"1":{"name":"(anonymous_1)","decl":{"start":{"line":11,"column":25},"end":{"line":11,"column":26}},"loc":{"start":{"line":11,"column":43},"end":{"line":22,"column":1}},"line":11},"2":{"name":"(anonymous_2)","decl":{"start":{"line":21,"column":49},"end":{"line":21,"column":50}},"loc":{"start":{"line":21,"column":62},"end":{"line":21,"column":74}},"line":21},"3":{"name":"(anonymous_3)","decl":{"start":{"line":25,"column":23},"end":{"line":25,"column":24}},"loc":{"start":{"line":25,"column":41},"end":{"line":30,"column":1}},"line":25},"4":{"name":"(anonymous_4)","decl":{"start":{"line":33,"column":24},"end":{"line":33,"column":25}},"loc":{"start":{"line":33,"column":42},"end":{"line":35,"column":1}},"line":33},"5":{"name":"(anonymous_5)","decl":{"start":{"line":38,"column":25},"end":{"line":38,"column":26}},"loc":{"start":{"line":38,"column":43},"end":{"line":44,"column":1}},"line":38},"6":{"name":"(anonymous_6)","decl":{"start":{"line":47,"column":24},"end":{"line":47,"column":25}},"loc":{"start":{"line":47,"column":42},"end":{"line":49,"column":1}},"line":47},"7":{"name":"(anonymous_7)","decl":{"start":{"line":52,"column":16},"end":{"line":52,"column":17}},"loc":{"start":{"line":52,"column":32},"end":{"line":56,"column":1}},"line":52},"8":{"name":"(anonymous_8)","decl":{"start":{"line":59,"column":17},"end":{"line":59,"column":18}},"loc":{"start":{"line":59,"column":34},"end":{"line":61,"column":1}},"line":59},"9":{"name":"(anonymous_9)","decl":{"start":{"line":64,"column":18},"end":{"line":64,"column":19}},"loc":{"start":{"line":64,"column":36},"end":{"line":68,"column":1}},"line":64},"10":{"name":"(anonymous_10)","decl":{"start":{"line":71,"column":17},"end":{"line":71,"column":18}},"loc":{"start":{"line":71,"column":34},"end":{"line":75,"column":1}},"line":71},"11":{"name":"(anonymous_11)","decl":{"start":{"line":78,"column":17},"end":{"line":78,"column":18}},"loc":{"start":{"line":78,"column":35},"end":{"line":80,"column":1}},"line":78},"12":{"name":"(anonymous_12)","decl":{"start":{"line":83,"column":16},"end":{"line":83,"column":17}},"loc":{"start":{"line":83,"column":34},"end":{"line":85,"column":1}},"line":83},"13":{"name":"(anonymous_13)","decl":{"start":{"line":88,"column":18},"end":{"line":88,"column":19}},"loc":{"start":{"line":88,"column":36},"end":{"line":96,"column":1}},"line":88},"14":{"name":"(anonymous_14)","decl":{"start":{"line":99,"column":19},"end":{"line":99,"column":20}},"loc":{"start":{"line":99,"column":29},"end":{"line":103,"column":1}},"line":99},"15":{"name":"(anonymous_15)","decl":{"start":{"line":106,"column":17},"end":{"line":106,"column":18}},"loc":{"start":{"line":106,"column":27},"end":{"line":110,"column":1}},"line":106},"16":{"name":"(anonymous_16)","decl":{"start":{"line":113,"column":20},"end":{"line":113,"column":21}},"loc":{"start":{"line":113,"column":50},"end":{"line":118,"column":1}},"line":113},"17":{"name":"(anonymous_17)","decl":{"start":{"line":121,"column":18},"end":{"line":121,"column":19}},"loc":{"start":{"line":121,"column":48},"end":{"line":124,"column":1}},"line":121},"18":{"name":"(anonymous_18)","decl":{"start":{"line":127,"column":21},"end":{"line":127,"column":22}},"loc":{"start":{"line":127,"column":31},"end":{"line":132,"column":1}},"line":127},"19":{"name":"(anonymous_19)","decl":{"start":{"line":135,"column":19},"end":{"line":135,"column":20}},"loc":{"start":{"line":135,"column":29},"end":{"line":141,"column":1}},"line":135},"20":{"name":"(anonymous_20)","decl":{"start":{"line":144,"column":20},"end":{"line":144,"column":21}},"loc":{"start":{"line":144,"column":30},"end":{"line":149,"column":1}},"line":144},"21":{"name":"(anonymous_21)","decl":{"start":{"line":152,"column":18},"end":{"line":152,"column":19}},"loc":{"start":{"line":152,"column":28},"end":{"line":157,"column":1}},"line":152}},"branchMap":{"0":{"loc":{"start":{"line":92,"column":4},"end":{"line":94,"column":33}},"type":"binary-expr","locations":[{"start":{"line":92,"column":4},"end":{"line":92,"column":41}},{"start":{"line":93,"column":4},"end":{"line":93,"column":35}},{"start":{"line":94,"column":4},"end":{"line":94,"column":33}}],"line":92},"1":{"loc":{"start":{"line":113,"column":27},"end":{"line":113,"column":45}},"type":"default-arg","locations":[{"start":{"line":113,"column":44},"end":{"line":113,"column":45}}],"line":113},"2":{"loc":{"start":{"line":116,"column":36},"end":{"line":116,"column":67}},"type":"cond-expr","locations":[{"start":{"line":116,"column":48},"end":{"line":116,"column":50}},{"start":{"line":116,"column":53},"end":{"line":116,"column":67}}],"line":116},"3":{"loc":{"start":{"line":121,"column":25},"end":{"line":121,"column":43}},"type":"default-arg","locations":[{"start":{"line":121,"column":42},"end":{"line":121,"column":43}}],"line":121}},"s":{"0":1,"1":3,"2":3,"3":3,"4":3,"5":3,"6":1,"7":2,"8":2,"9":2,"10":9,"11":1,"12":2,"13":2,"14":2,"15":2,"16":1,"17":1,"18":1,"19":1,"20":1,"21":1,"22":1,"23":1,"24":1,"25":3,"26":3,"27":3,"28":1,"29":1,"30":1,"31":1,"32":1,"33":1,"34":1,"35":1,"36":1,"37":1,"38":1,"39":1,"40":1,"41":1,"42":1,"43":1,"44":1,"45":1,"46":1,"47":1,"48":1,"49":1,"50":1,"51":1,"52":1,"53":1,"54":1,"55":2,"56":2,"57":2,"58":2,"59":1,"60":1,"61":1,"62":1,"63":1,"64":1,"65":1,"66":1,"67":1,"68":1,"69":1,"70":1,"71":1,"72":1,"73":1,"74":1,"75":1,"76":1,"77":1,"78":1,"79":1,"80":1,"81":1,"82":1,"83":1},"f":{"0":3,"1":2,"2":9,"3":2,"4":1,"5":1,"6":1,"7":3,"8":1,"9":1,"10":1,"11":1,"12":1,"13":1,"14":1,"15":1,"16":2,"17":1,"18":1,"19":1,"20":1,"21":1},"b":{"0":[1,1,1],"1":[1],"2":[0,2],"3":[1]},"_coverageSchema":"1a1c01bbd47fc00a2c39e90264f33305004495a9","hash":"8beaacca80dd046047442c600077d0152fae2aa1"}
,"/Users/leoojigbo/Documents/current-work/npm-packages/js-helper-fns/src/objectUtils.js": {"path":"/Users/leoojigbo/Documents/current-work/npm-packages/js-helper-fns/src/objectUtils.js","statementMap":{"0":{"start":{"line":2,"column":22},"end":{"line":2,"column":60}},"1":{"start":{"line":2,"column":31},"end":{"line":2,"column":60}},"2":{"start":{"line":5,"column":21},"end":{"line":5,"column":66}},"3":{"start":{"line":5,"column":37},"end":{"line":5,"column":66}},"4":{"start":{"line":8,"column":18},"end":{"line":21,"column":1}},"5":{"start":{"line":9,"column":2},"end":{"line":9,"column":37}},"6":{"start":{"line":9,"column":23},"end":{"line":9,"column":37}},"7":{"start":{"line":10,"column":17},"end":{"line":10,"column":32}},"8":{"start":{"line":11,"column":2},"end":{"line":11,"column":47}},"9":{"start":{"line":11,"column":33},"end":{"line":11,"column":47}},"10":{"start":{"line":12,"column":2},"end":{"line":19,"column":5}},"11":{"start":{"line":13,"column":4},"end":{"line":18,"column":5}},"12":{"start":{"line":14,"column":6},"end":{"line":14,"column":61}},"13":{"start":{"line":14,"column":24},"end":{"line":14,"column":61}},"14":{"start":{"line":15,"column":6},"end":{"line":15,"column":42}},"15":{"start":{"line":17,"column":6},"end":{"line":17,"column":52}},"16":{"start":{"line":20,"column":2},"end":{"line":20,"column":39}},"17":{"start":{"line":24,"column":23},"end":{"line":25,"column":60}},"18":{"start":{"line":25,"column":2},"end":{"line":25,"column":60}},"19":{"start":{"line":25,"column":39},"end":{"line":25,"column":54}},"20":{"start":{"line":28,"column":23},"end":{"line":37,"column":1}},"21":{"start":{"line":29,"column":2},"end":{"line":36,"column":10}},"22":{"start":{"line":30,"column":4},"end":{"line":34,"column":5}},"23":{"start":{"line":31,"column":6},"end":{"line":31,"column":23}},"24":{"start":{"line":33,"column":6},"end":{"line":33,"column":35}},"25":{"start":{"line":33,"column":21},"end":{"line":33,"column":35}},"26":{"start":{"line":35,"column":4},"end":{"line":35,"column":20}},"27":{"start":{"line":40,"column":21},"end":{"line":48,"column":1}},"28":{"start":{"line":41,"column":15},"end":{"line":41,"column":30}},"29":{"start":{"line":42,"column":2},"end":{"line":47,"column":10}},"30":{"start":{"line":43,"column":4},"end":{"line":45,"column":5}},"31":{"start":{"line":44,"column":6},"end":{"line":44,"column":22}},"32":{"start":{"line":46,"column":4},"end":{"line":46,"column":20}},"33":{"start":{"line":51,"column":20},"end":{"line":51,"column":60}},"34":{"start":{"line":51,"column":29},"end":{"line":51,"column":60}},"35":{"start":{"line":54,"column":15},"end":{"line":54,"column":75}},"36":{"start":{"line":54,"column":29},"end":{"line":54,"column":75}},"37":{"start":{"line":57,"column":15},"end":{"line":57,"column":42}},"38":{"start":{"line":57,"column":24},"end":{"line":57,"column":42}},"39":{"start":{"line":60,"column":13},"end":{"line":60,"column":38}},"40":{"start":{"line":60,"column":22},"end":{"line":60,"column":38}},"41":{"start":{"line":63,"column":16},"end":{"line":63,"column":44}},"42":{"start":{"line":63,"column":25},"end":{"line":63,"column":44}},"43":{"start":{"line":66,"column":25},"end":{"line":66,"column":53}},"44":{"start":{"line":66,"column":34},"end":{"line":66,"column":53}},"45":{"start":{"line":69,"column":27},"end":{"line":69,"column":59}},"46":{"start":{"line":69,"column":36},"end":{"line":69,"column":59}},"47":{"start":{"line":72,"column":13},"end":{"line":76,"column":8}},"48":{"start":{"line":73,"column":2},"end":{"line":76,"column":8}},"49":{"start":{"line":74,"column":4},"end":{"line":74,"column":52}},"50":{"start":{"line":74,"column":32},"end":{"line":74,"column":52}},"51":{"start":{"line":75,"column":4},"end":{"line":75,"column":15}},"52":{"start":{"line":79,"column":13},"end":{"line":83,"column":8}},"53":{"start":{"line":80,"column":2},"end":{"line":83,"column":8}},"54":{"start":{"line":81,"column":4},"end":{"line":81,"column":49}},"55":{"start":{"line":81,"column":29},"end":{"line":81,"column":49}},"56":{"start":{"line":82,"column":4},"end":{"line":82,"column":15}},"57":{"start":{"line":86,"column":18},"end":{"line":86,"column":50}},"58":{"start":{"line":86,"column":27},"end":{"line":86,"column":50}},"59":{"start":{"line":89,"column":18},"end":{"line":89,"column":63}},"60":{"start":{"line":89,"column":33},"end":{"line":89,"column":63}},"61":{"start":{"line":92,"column":17},"end":{"line":92,"column":61}},"62":{"start":{"line":92,"column":32},"end":{"line":92,"column":61}},"63":{"start":{"line":95,"column":22},"end":{"line":98,"column":3}},"64":{"start":{"line":96,"column":2},"end":{"line":98,"column":3}},"65":{"start":{"line":97,"column":46},"end":{"line":97,"column":64}},"66":{"start":{"line":101,"column":24},"end":{"line":104,"column":3}},"67":{"start":{"line":102,"column":2},"end":{"line":104,"column":3}},"68":{"start":{"line":103,"column":46},"end":{"line":103,"column":64}},"69":{"start":{"line":107,"column":22},"end":{"line":108,"column":59}},"70":{"start":{"line":108,"column":2},"end":{"line":108,"column":59}},"71":{"start":{"line":110,"column":0},"end":{"line":132,"column":2}}},"fnMap":{"0":{"name":"(anonymous_0)","decl":{"start":{"line":2,"column":22},"end":{"line":2,"column":23}},"loc":{"start":{"line":2,"column":31},"end":{"line":2,"column":60}},"line":2},"1":{"name":"(anonymous_1)","decl":{"start":{"line":5,"column":21},"end":{"line":5,"column":22}},"loc":{"start":{"line":5,"column":37},"end":{"line":5,"column":66}},"line":5},"2":{"name":"(anonymous_2)","decl":{"start":{"line":8,"column":18},"end":{"line":8,"column":19}},"loc":{"start":{"line":8,"column":42},"end":{"line":21,"column":1}},"line":8},"3":{"name":"(anonymous_3)","decl":{"start":{"line":12,"column":30},"end":{"line":12,"column":31}},"loc":{"start":{"line":12,"column":39},"end":{"line":19,"column":3}},"line":12},"4":{"name":"(anonymous_4)","decl":{"start":{"line":24,"column":23},"end":{"line":24,"column":24}},"loc":{"start":{"line":25,"column":2},"end":{"line":25,"column":60}},"line":25},"5":{"name":"(anonymous_5)","decl":{"start":{"line":25,"column":25},"end":{"line":25,"column":26}},"loc":{"start":{"line":25,"column":39},"end":{"line":25,"column":54}},"line":25},"6":{"name":"(anonymous_6)","decl":{"start":{"line":28,"column":23},"end":{"line":28,"column":24}},"loc":{"start":{"line":28,"column":45},"end":{"line":37,"column":1}},"line":28},"7":{"name":"(anonymous_7)","decl":{"start":{"line":29,"column":25},"end":{"line":29,"column":26}},"loc":{"start":{"line":29,"column":47},"end":{"line":36,"column":3}},"line":29},"8":{"name":"(anonymous_8)","decl":{"start":{"line":40,"column":21},"end":{"line":40,"column":22}},"loc":{"start":{"line":40,"column":36},"end":{"line":48,"column":1}},"line":40},"9":{"name":"(anonymous_9)","decl":{"start":{"line":42,"column":14},"end":{"line":42,"column":15}},"loc":{"start":{"line":42,"column":31},"end":{"line":47,"column":3}},"line":42},"10":{"name":"(anonymous_10)","decl":{"start":{"line":51,"column":20},"end":{"line":51,"column":21}},"loc":{"start":{"line":51,"column":29},"end":{"line":51,"column":60}},"line":51},"11":{"name":"(anonymous_11)","decl":{"start":{"line":54,"column":15},"end":{"line":54,"column":16}},"loc":{"start":{"line":54,"column":29},"end":{"line":54,"column":75}},"line":54},"12":{"name":"(anonymous_12)","decl":{"start":{"line":57,"column":15},"end":{"line":57,"column":16}},"loc":{"start":{"line":57,"column":24},"end":{"line":57,"column":42}},"line":57},"13":{"name":"(anonymous_13)","decl":{"start":{"line":60,"column":13},"end":{"line":60,"column":14}},"loc":{"start":{"line":60,"column":22},"end":{"line":60,"column":38}},"line":60},"14":{"name":"(anonymous_14)","decl":{"start":{"line":63,"column":16},"end":{"line":63,"column":17}},"loc":{"start":{"line":63,"column":25},"end":{"line":63,"column":44}},"line":63},"15":{"name":"(anonymous_15)","decl":{"start":{"line":66,"column":25},"end":{"line":66,"column":26}},"loc":{"start":{"line":66,"column":34},"end":{"line":66,"column":53}},"line":66},"16":{"name":"(anonymous_16)","decl":{"start":{"line":69,"column":27},"end":{"line":69,"column":28}},"loc":{"start":{"line":69,"column":36},"end":{"line":69,"column":59}},"line":69},"17":{"name":"(anonymous_17)","decl":{"start":{"line":72,"column":13},"end":{"line":72,"column":14}},"loc":{"start":{"line":73,"column":2},"end":{"line":76,"column":8}},"line":73},"18":{"name":"(anonymous_18)","decl":{"start":{"line":73,"column":14},"end":{"line":73,"column":15}},"loc":{"start":{"line":73,"column":28},"end":{"line":76,"column":3}},"line":73},"19":{"name":"(anonymous_19)","decl":{"start":{"line":79,"column":13},"end":{"line":79,"column":14}},"loc":{"start":{"line":80,"column":2},"end":{"line":83,"column":8}},"line":80},"20":{"name":"(anonymous_20)","decl":{"start":{"line":80,"column":26},"end":{"line":80,"column":27}},"loc":{"start":{"line":80,"column":40},"end":{"line":83,"column":3}},"line":80},"21":{"name":"(anonymous_21)","decl":{"start":{"line":86,"column":18},"end":{"line":86,"column":19}},"loc":{"start":{"line":86,"column":27},"end":{"line":86,"column":50}},"line":86},"22":{"name":"(anonymous_22)","decl":{"start":{"line":89,"column":18},"end":{"line":89,"column":19}},"loc":{"start":{"line":89,"column":33},"end":{"line":89,"column":63}},"line":89},"23":{"name":"(anonymous_23)","decl":{"start":{"line":92,"column":17},"end":{"line":92,"column":18}},"loc":{"start":{"line":92,"column":32},"end":{"line":92,"column":61}},"line":92},"24":{"name":"(anonymous_24)","decl":{"start":{"line":95,"column":22},"end":{"line":95,"column":23}},"loc":{"start":{"line":96,"column":2},"end":{"line":98,"column":3}},"line":96},"25":{"name":"(anonymous_25)","decl":{"start":{"line":97,"column":28},"end":{"line":97,"column":29}},"loc":{"start":{"line":97,"column":46},"end":{"line":97,"column":64}},"line":97},"26":{"name":"(anonymous_26)","decl":{"start":{"line":101,"column":24},"end":{"line":101,"column":25}},"loc":{"start":{"line":102,"column":2},"end":{"line":104,"column":3}},"line":102},"27":{"name":"(anonymous_27)","decl":{"start":{"line":103,"column":28},"end":{"line":103,"column":29}},"loc":{"start":{"line":103,"column":46},"end":{"line":103,"column":64}},"line":103},"28":{"name":"(anonymous_28)","decl":{"start":{"line":107,"column":22},"end":{"line":107,"column":23}},"loc":{"start":{"line":108,"column":2},"end":{"line":108,"column":59}},"line":108}},"branchMap":{"0":{"loc":{"start":{"line":9,"column":2},"end":{"line":9,"column":37}},"type":"if","locations":[{"start":{"line":9,"column":2},"end":{"line":9,"column":37}},{"start":{},"end":{}}],"line":9},"1":{"loc":{"start":{"line":11,"column":2},"end":{"line":11,"column":47}},"type":"if","locations":[{"start":{"line":11,"column":2},"end":{"line":11,"column":47}},{"start":{},"end":{}}],"line":11},"2":{"loc":{"start":{"line":13,"column":4},"end":{"line":18,"column":5}},"type":"if","locations":[{"start":{"line":13,"column":4},"end":{"line":18,"column":5}},{"start":{"line":16,"column":11},"end":{"line":18,"column":5}}],"line":13},"3":{"loc":{"start":{"line":14,"column":6},"end":{"line":14,"column":61}},"type":"if","locations":[{"start":{"line":14,"column":6},"end":{"line":14,"column":61}},{"start":{},"end":{}}],"line":14},"4":{"loc":{"start":{"line":25,"column":39},"end":{"line":25,"column":54}},"type":"binary-expr","locations":[{"start":{"line":25,"column":39},"end":{"line":25,"column":42}},{"start":{"line":25,"column":46},"end":{"line":25,"column":54}}],"line":25},"5":{"loc":{"start":{"line":30,"column":4},"end":{"line":34,"column":5}},"type":"if","locations":[{"start":{"line":30,"column":4},"end":{"line":34,"column":5}},{"start":{"line":32,"column":11},"end":{"line":34,"column":5}}],"line":30},"6":{"loc":{"start":{"line":33,"column":6},"end":{"line":33,"column":35}},"type":"if","locations":[{"start":{"line":33,"column":6},"end":{"line":33,"column":35}},{"start":{},"end":{}}],"line":33},"7":{"loc":{"start":{"line":43,"column":4},"end":{"line":45,"column":5}},"type":"if","locations":[{"start":{"line":43,"column":4},"end":{"line":45,"column":5}},{"start":{},"end":{}}],"line":43},"8":{"loc":{"start":{"line":74,"column":4},"end":{"line":74,"column":52}},"type":"if","locations":[{"start":{"line":74,"column":4},"end":{"line":74,"column":52}},{"start":{},"end":{}}],"line":74},"9":{"loc":{"start":{"line":81,"column":4},"end":{"line":81,"column":49}},"type":"if","locations":[{"start":{"line":81,"column":4},"end":{"line":81,"column":49}},{"start":{},"end":{}}],"line":81}},"s":{"0":1,"1":2,"2":1,"3":1,"4":1,"5":4,"6":2,"7":2,"8":2,"9":0,"10":2,"11":3,"12":1,"13":0,"14":1,"15":2,"16":2,"17":1,"18":1,"19":3,"20":1,"21":1,"22":3,"23":1,"24":2,"25":0,"26":3,"27":1,"28":1,"29":1,"30":3,"31":1,"32":3,"33":1,"34":2,"35":1,"36":2,"37":1,"38":1,"39":1,"40":1,"41":1,"42":1,"43":1,"44":1,"45":1,"46":1,"47":1,"48":1,"49":2,"50":2,"51":2,"52":1,"53":1,"54":3,"55":2,"56":3,"57":1,"58":1,"59":1,"60":2,"61":1,"62":2,"63":1,"64":1,"65":2,"66":1,"67":1,"68":2,"69":1,"70":2,"71":1},"f":{"0":2,"1":1,"2":4,"3":3,"4":1,"5":3,"6":1,"7":3,"8":1,"9":3,"10":2,"11":2,"12":1,"13":1,"14":1,"15":1,"16":1,"17":1,"18":2,"19":1,"20":3,"21":1,"22":2,"23":2,"24":1,"25":2,"26":1,"27":2,"28":2},"b":{"0":[2,2],"1":[0,2],"2":[1,2],"3":[0,1],"4":[3,3],"5":[1,2],"6":[0,2],"7":[1,2],"8":[2,0],"9":[2,1]},"_coverageSchema":"1a1c01bbd47fc00a2c39e90264f33305004495a9","hash":"695059df623cb35df3e4cc09e4c5a9346f66c60c"}
,"/Users/leoojigbo/Documents/current-work/npm-packages/js-helper-fns/src/stringUtils.js": {"path":"/Users/leoojigbo/Documents/current-work/npm-packages/js-helper-fns/src/stringUtils.js","statementMap":{"0":{"start":{"line":2,"column":13},"end":{"line":2,"column":32}},"1":{"start":{"line":2,"column":22},"end":{"line":2,"column":32}},"2":{"start":{"line":5,"column":18},"end":{"line":5,"column":42}},"3":{"start":{"line":5,"column":27},"end":{"line":5,"column":42}},"4":{"start":{"line":8,"column":16},"end":{"line":8,"column":38}},"5":{"start":{"line":8,"column":25},"end":{"line":8,"column":38}},"6":{"start":{"line":11,"column":20},"end":{"line":11,"column":46}},"7":{"start":{"line":11,"column":29},"end":{"line":11,"column":46}},"8":{"start":{"line":14,"column":20},"end":{"line":14,"column":46}},"9":{"start":{"line":14,"column":29},"end":{"line":14,"column":46}},"10":{"start":{"line":17,"column":19},"end":{"line":18,"column":58}},"11":{"start":{"line":18,"column":2},"end":{"line":18,"column":58}},"12":{"start":{"line":21,"column":20},"end":{"line":26,"column":14}},"13":{"start":{"line":22,"column":2},"end":{"line":26,"column":14}},"14":{"start":{"line":25,"column":19},"end":{"line":25,"column":63}},"15":{"start":{"line":29,"column":22},"end":{"line":29,"column":63}},"16":{"start":{"line":29,"column":31},"end":{"line":29,"column":63}},"17":{"start":{"line":32,"column":17},"end":{"line":32,"column":54}},"18":{"start":{"line":32,"column":34},"end":{"line":32,"column":54}},"19":{"start":{"line":35,"column":19},"end":{"line":35,"column":58}},"20":{"start":{"line":35,"column":36},"end":{"line":35,"column":58}},"21":{"start":{"line":38,"column":17},"end":{"line":38,"column":54}},"22":{"start":{"line":38,"column":34},"end":{"line":38,"column":54}},"23":{"start":{"line":41,"column":16},"end":{"line":41,"column":52}},"24":{"start":{"line":41,"column":33},"end":{"line":41,"column":52}},"25":{"start":{"line":44,"column":20},"end":{"line":44,"column":60}},"26":{"start":{"line":44,"column":37},"end":{"line":44,"column":60}},"27":{"start":{"line":47,"column":16},"end":{"line":47,"column":78}},"28":{"start":{"line":47,"column":46},"end":{"line":47,"column":78}},"29":{"start":{"line":50,"column":19},"end":{"line":51,"column":37}},"30":{"start":{"line":51,"column":2},"end":{"line":51,"column":37}},"31":{"start":{"line":54,"column":14},"end":{"line":54,"column":54}},"32":{"start":{"line":54,"column":34},"end":{"line":54,"column":54}},"33":{"start":{"line":57,"column":13},"end":{"line":57,"column":52}},"34":{"start":{"line":57,"column":33},"end":{"line":57,"column":52}},"35":{"start":{"line":60,"column":15},"end":{"line":60,"column":48}},"36":{"start":{"line":60,"column":31},"end":{"line":60,"column":48}},"37":{"start":{"line":63,"column":18},"end":{"line":63,"column":64}},"38":{"start":{"line":63,"column":39},"end":{"line":63,"column":64}},"39":{"start":{"line":66,"column":14},"end":{"line":66,"column":56}},"40":{"start":{"line":66,"column":35},"end":{"line":66,"column":56}},"41":{"start":{"line":69,"column":17},"end":{"line":70,"column":33}},"42":{"start":{"line":70,"column":2},"end":{"line":70,"column":33}},"43":{"start":{"line":73,"column":15},"end":{"line":73,"column":78}},"44":{"start":{"line":73,"column":49},"end":{"line":73,"column":78}},"45":{"start":{"line":76,"column":30},"end":{"line":76,"column":71}},"46":{"start":{"line":76,"column":39},"end":{"line":76,"column":71}},"47":{"start":{"line":79,"column":25},"end":{"line":79,"column":57}},"48":{"start":{"line":79,"column":34},"end":{"line":79,"column":57}},"49":{"start":{"line":82,"column":16},"end":{"line":82,"column":41}},"50":{"start":{"line":82,"column":25},"end":{"line":82,"column":41}},"51":{"start":{"line":85,"column":16},"end":{"line":85,"column":36}},"52":{"start":{"line":85,"column":25},"end":{"line":85,"column":36}},"53":{"start":{"line":88,"column":16},"end":{"line":88,"column":63}},"54":{"start":{"line":88,"column":25},"end":{"line":88,"column":63}},"55":{"start":{"line":91,"column":14},"end":{"line":91,"column":71}},"56":{"start":{"line":91,"column":23},"end":{"line":91,"column":71}},"57":{"start":{"line":94,"column":22},"end":{"line":94,"column":61}},"58":{"start":{"line":94,"column":31},"end":{"line":94,"column":61}},"59":{"start":{"line":97,"column":15},"end":{"line":97,"column":34}},"60":{"start":{"line":97,"column":24},"end":{"line":97,"column":34}},"61":{"start":{"line":100,"column":16},"end":{"line":100,"column":40}},"62":{"start":{"line":100,"column":25},"end":{"line":100,"column":40}},"63":{"start":{"line":103,"column":18},"end":{"line":103,"column":39}},"64":{"start":{"line":103,"column":27},"end":{"line":103,"column":39}},"65":{"start":{"line":106,"column":19},"end":{"line":112,"column":28}},"66":{"start":{"line":107,"column":2},"end":{"line":112,"column":28}},"67":{"start":{"line":115,"column":21},"end":{"line":121,"column":28}},"68":{"start":{"line":116,"column":2},"end":{"line":121,"column":28}},"69":{"start":{"line":124,"column":21},"end":{"line":132,"column":1}},"70":{"start":{"line":126,"column":4},"end":{"line":126,"column":68}},"71":{"start":{"line":127,"column":15},"end":{"line":127,"column":17}},"72":{"start":{"line":128,"column":2},"end":{"line":130,"column":3}},"73":{"start":{"line":128,"column":15},"end":{"line":128,"column":16}},"74":{"start":{"line":129,"column":4},"end":{"line":129,"column":69}},"75":{"start":{"line":131,"column":2},"end":{"line":131,"column":16}},"76":{"start":{"line":135,"column":15},"end":{"line":140,"column":25}},"77":{"start":{"line":136,"column":2},"end":{"line":140,"column":25}},"78":{"start":{"line":143,"column":20},"end":{"line":147,"column":46}},"79":{"start":{"line":144,"column":2},"end":{"line":147,"column":46}},"80":{"start":{"line":146,"column":53},"end":{"line":146,"column":73}},"81":{"start":{"line":147,"column":28},"end":{"line":147,"column":45}},"82":{"start":{"line":150,"column":21},"end":{"line":153,"column":22}},"83":{"start":{"line":151,"column":2},"end":{"line":153,"column":22}},"84":{"start":{"line":152,"column":38},"end":{"line":152,"column":74}},"85":{"start":{"line":156,"column":20},"end":{"line":160,"column":34}},"86":{"start":{"line":157,"column":2},"end":{"line":160,"column":34}},"87":{"start":{"line":163,"column":23},"end":{"line":167,"column":31}},"88":{"start":{"line":164,"column":2},"end":{"line":167,"column":31}},"89":{"start":{"line":170,"column":24},"end":{"line":175,"column":14}},"90":{"start":{"line":171,"column":2},"end":{"line":175,"column":14}},"91":{"start":{"line":174,"column":19},"end":{"line":174,"column":63}},"92":{"start":{"line":177,"column":0},"end":{"line":219,"column":2}}},"fnMap":{"0":{"name":"(anonymous_0)","decl":{"start":{"line":2,"column":13},"end":{"line":2,"column":14}},"loc":{"start":{"line":2,"column":22},"end":{"line":2,"column":32}},"line":2},"1":{"name":"(anonymous_1)","decl":{"start":{"line":5,"column":18},"end":{"line":5,"column":19}},"loc":{"start":{"line":5,"column":27},"end":{"line":5,"column":42}},"line":5},"2":{"name":"(anonymous_2)","decl":{"start":{"line":8,"column":16},"end":{"line":8,"column":17}},"loc":{"start":{"line":8,"column":25},"end":{"line":8,"column":38}},"line":8},"3":{"name":"(anonymous_3)","decl":{"start":{"line":11,"column":20},"end":{"line":11,"column":21}},"loc":{"start":{"line":11,"column":29},"end":{"line":11,"column":46}},"line":11},"4":{"name":"(anonymous_4)","decl":{"start":{"line":14,"column":20},"end":{"line":14,"column":21}},"loc":{"start":{"line":14,"column":29},"end":{"line":14,"column":46}},"line":14},"5":{"name":"(anonymous_5)","decl":{"start":{"line":17,"column":19},"end":{"line":17,"column":20}},"loc":{"start":{"line":18,"column":2},"end":{"line":18,"column":58}},"line":18},"6":{"name":"(anonymous_6)","decl":{"start":{"line":21,"column":20},"end":{"line":21,"column":21}},"loc":{"start":{"line":22,"column":2},"end":{"line":26,"column":14}},"line":22},"7":{"name":"(anonymous_7)","decl":{"start":{"line":25,"column":9},"end":{"line":25,"column":10}},"loc":{"start":{"line":25,"column":19},"end":{"line":25,"column":63}},"line":25},"8":{"name":"(anonymous_8)","decl":{"start":{"line":29,"column":22},"end":{"line":29,"column":23}},"loc":{"start":{"line":29,"column":31},"end":{"line":29,"column":63}},"line":29},"9":{"name":"(anonymous_9)","decl":{"start":{"line":32,"column":17},"end":{"line":32,"column":18}},"loc":{"start":{"line":32,"column":34},"end":{"line":32,"column":54}},"line":32},"10":{"name":"(anonymous_10)","decl":{"start":{"line":35,"column":19},"end":{"line":35,"column":20}},"loc":{"start":{"line":35,"column":36},"end":{"line":35,"column":58}},"line":35},"11":{"name":"(anonymous_11)","decl":{"start":{"line":38,"column":17},"end":{"line":38,"column":18}},"loc":{"start":{"line":38,"column":34},"end":{"line":38,"column":54}},"line":38},"12":{"name":"(anonymous_12)","decl":{"start":{"line":41,"column":16},"end":{"line":41,"column":17}},"loc":{"start":{"line":41,"column":33},"end":{"line":41,"column":52}},"line":41},"13":{"name":"(anonymous_13)","decl":{"start":{"line":44,"column":20},"end":{"line":44,"column":21}},"loc":{"start":{"line":44,"column":37},"end":{"line":44,"column":60}},"line":44},"14":{"name":"(anonymous_14)","decl":{"start":{"line":47,"column":16},"end":{"line":47,"column":17}},"loc":{"start":{"line":47,"column":46},"end":{"line":47,"column":78}},"line":47},"15":{"name":"(anonymous_15)","decl":{"start":{"line":50,"column":19},"end":{"line":50,"column":20}},"loc":{"start":{"line":51,"column":2},"end":{"line":51,"column":37}},"line":51},"16":{"name":"(anonymous_16)","decl":{"start":{"line":54,"column":14},"end":{"line":54,"column":15}},"loc":{"start":{"line":54,"column":34},"end":{"line":54,"column":54}},"line":54},"17":{"name":"(anonymous_17)","decl":{"start":{"line":57,"column":13},"end":{"line":57,"column":14}},"loc":{"start":{"line":57,"column":33},"end":{"line":57,"column":52}},"line":57},"18":{"name":"(anonymous_18)","decl":{"start":{"line":60,"column":15},"end":{"line":60,"column":16}},"loc":{"start":{"line":60,"column":31},"end":{"line":60,"column":48}},"line":60},"19":{"name":"(anonymous_19)","decl":{"start":{"line":63,"column":18},"end":{"line":63,"column":19}},"loc":{"start":{"line":63,"column":39},"end":{"line":63,"column":64}},"line":63},"20":{"name":"(anonymous_20)","decl":{"start":{"line":66,"column":14},"end":{"line":66,"column":15}},"loc":{"start":{"line":66,"column":35},"end":{"line":66,"column":56}},"line":66},"21":{"name":"(anonymous_21)","decl":{"start":{"line":69,"column":17},"end":{"line":69,"column":18}},"loc":{"start":{"line":70,"column":2},"end":{"line":70,"column":33}},"line":70},"22":{"name":"(anonymous_22)","decl":{"start":{"line":73,"column":15},"end":{"line":73,"column":16}},"loc":{"start":{"line":73,"column":49},"end":{"line":73,"column":78}},"line":73},"23":{"name":"(anonymous_23)","decl":{"start":{"line":76,"column":30},"end":{"line":76,"column":31}},"loc":{"start":{"line":76,"column":39},"end":{"line":76,"column":71}},"line":76},"24":{"name":"(anonymous_24)","decl":{"start":{"line":79,"column":25},"end":{"line":79,"column":26}},"loc":{"start":{"line":79,"column":34},"end":{"line":79,"column":57}},"line":79},"25":{"name":"(anonymous_25)","decl":{"start":{"line":82,"column":16},"end":{"line":82,"column":17}},"loc":{"start":{"line":82,"column":25},"end":{"line":82,"column":41}},"line":82},"26":{"name":"(anonymous_26)","decl":{"start":{"line":85,"column":16},"end":{"line":85,"column":17}},"loc":{"start":{"line":85,"column":25},"end":{"line":85,"column":36}},"line":85},"27":{"name":"(anonymous_27)","decl":{"start":{"line":88,"column":16},"end":{"line":88,"column":17}},"loc":{"start":{"line":88,"column":25},"end":{"line":88,"column":63}},"line":88},"28":{"name":"(anonymous_28)","decl":{"start":{"line":91,"column":14},"end":{"line":91,"column":15}},"loc":{"start":{"line":91,"column":23},"end":{"line":91,"column":71}},"line":91},"29":{"name":"(anonymous_29)","decl":{"start":{"line":94,"column":22},"end":{"line":94,"column":23}},"loc":{"start":{"line":94,"column":31},"end":{"line":94,"column":61}},"line":94},"30":{"name":"(anonymous_30)","decl":{"start":{"line":97,"column":15},"end":{"line":97,"column":16}},"loc":{"start":{"line":97,"column":24},"end":{"line":97,"column":34}},"line":97},"31":{"name":"(anonymous_31)","decl":{"start":{"line":100,"column":16},"end":{"line":100,"column":17}},"loc":{"start":{"line":100,"column":25},"end":{"line":100,"column":40}},"line":100},"32":{"name":"(anonymous_32)","decl":{"start":{"line":103,"column":18},"end":{"line":103,"column":19}},"loc":{"start":{"line":103,"column":27},"end":{"line":103,"column":39}},"line":103},"33":{"name":"(anonymous_33)","decl":{"start":{"line":106,"column":19},"end":{"line":106,"column":20}},"loc":{"start":{"line":107,"column":2},"end":{"line":112,"column":28}},"line":107},"34":{"name":"(anonymous_34)","decl":{"start":{"line":115,"column":21},"end":{"line":115,"column":22}},"loc":{"start":{"line":116,"column":2},"end":{"line":121,"column":28}},"line":116},"35":{"name":"(anonymous_35)","decl":{"start":{"line":124,"column":21},"end":{"line":124,"column":22}},"loc":{"start":{"line":124,"column":33},"end":{"line":132,"column":1}},"line":124},"36":{"name":"(anonymous_36)","decl":{"start":{"line":135,"column":15},"end":{"line":135,"column":16}},"loc":{"start":{"line":136,"column":2},"end":{"line":140,"column":25}},"line":136},"37":{"name":"(anonymous_37)","decl":{"start":{"line":143,"column":20},"end":{"line":143,"column":21}},"loc":{"start":{"line":144,"column":2},"end":{"line":147,"column":46}},"line":144},"38":{"name":"(anonymous_38)","decl":{"start":{"line":146,"column":34},"end":{"line":146,"column":35}},"loc":{"start":{"line":146,"column":53},"end":{"line":146,"column":73}},"line":146},"39":{"name":"(anonymous_39)","decl":{"start":{"line":147,"column":19},"end":{"line":147,"column":20}},"loc":{"start":{"line":147,"column":28},"end":{"line":147,"column":45}},"line":147},"40":{"name":"(anonymous_40)","decl":{"start":{"line":150,"column":21},"end":{"line":150,"column":22}},"loc":{"start":{"line":151,"column":2},"end":{"line":153,"column":22}},"line":151},"41":{"name":"(anonymous_41)","decl":{"start":{"line":152,"column":27},"end":{"line":152,"column":28}},"loc":{"start":{"line":152,"column":38},"end":{"line":152,"column":74}},"line":152},"42":{"name":"(anonymous_42)","decl":{"start":{"line":156,"column":20},"end":{"line":156,"column":21}},"loc":{"start":{"line":157,"column":2},"end":{"line":160,"column":34}},"line":157},"43":{"name":"(anonymous_43)","decl":{"start":{"line":163,"column":23},"end":{"line":163,"column":24}},"loc":{"start":{"line":164,"column":2},"end":{"line":167,"column":31}},"line":164},"44":{"name":"(anonymous_44)","decl":{"start":{"line":170,"column":24},"end":{"line":170,"column":25}},"loc":{"start":{"line":171,"column":2},"end":{"line":175,"column":14}},"line":171},"45":{"name":"(anonymous_45)","decl":{"start":{"line":174,"column":9},"end":{"line":174,"column":10}},"loc":{"start":{"line":174,"column":19},"end":{"line":174,"column":63}},"line":174}},"branchMap":{"0":{"loc":{"start":{"line":69,"column":31},"end":{"line":69,"column":46}},"type":"default-arg","locations":[{"start":{"line":69,"column":43},"end":{"line":69,"column":46}}],"line":69},"1":{"loc":{"start":{"line":73,"column":29},"end":{"line":73,"column":44}},"type":"default-arg","locations":[{"start":{"line":73,"column":41},"end":{"line":73,"column":44}}],"line":73}},"s":{"0":1,"1":1,"2":1,"3":0,"4":1,"5":0,"6":1,"7":1,"8":1,"9":0,"10":1,"11":1,"12":1,"13":0,"14":0,"15":1,"16":1,"17":1,"18":1,"19":1,"20":1,"21":1,"22":1,"23":1,"24":0,"25":1,"26":0,"27":1,"28":1,"29":1,"30":1,"31":1,"32":1,"33":1,"34":1,"35":1,"36":1,"37":1,"38":1,"39":1,"40":1,"41":1,"42":1,"43":1,"44":1,"45":1,"46":1,"47":1,"48":1,"49":1,"50":0,"51":1,"52":0,"53":1,"54":2,"55":1,"56":2,"57":1,"58":2,"59":1,"60":0,"61":1,"62":0,"63":1,"64":0,"65":1,"66":0,"67":1,"68":0,"69":1,"70":1,"71":1,"72":1,"73":1,"74":10,"75":1,"76":1,"77":1,"78":1,"79":1,"80":1,"81":1,"82":1,"83":1,"84":1,"85":1,"86":1,"87":1,"88":1,"89":1,"90":1,"91":2,"92":1},"f":{"0":1,"1":0,"2":0,"3":1,"4":0,"5":1,"6":0,"7":0,"8":1,"9":1,"10":1,"11":1,"12":0,"13":0,"14":1,"15":1,"16":1,"17":1,"18":1,"19":1,"20":1,"21":1,"22":1,"23":1,"24":1,"25":0,"26":0,"27":2,"28":2,"29":2,"30":0,"31":0,"32":0,"33":0,"34":0,"35":1,"36":1,"37":1,"38":1,"39":1,"40":1,"41":1,"42":1,"43":1,"44":1,"45":2},"b":{"0":[0],"1":[0]},"_coverageSchema":"1a1c01bbd47fc00a2c39e90264f33305004495a9","hash":"403c3f756f146ef9058bc4a02c10b01a4cb80f42"}
}
