TN:
SF:src/arrayUtils.js
FN:2,(anonymous_0)
FN:5,(anonymous_1)
FN:8,(anonymous_2)
FN:11,(anonymous_3)
FN:14,(anonymous_4)
FN:17,(anonymous_5)
FN:20,(anonymous_6)
FN:23,(anonymous_7)
FN:26,(anonymous_8)
FN:29,(anonymous_9)
FN:32,(anonymous_10)
FN:35,(anonymous_11)
FN:38,(anonymous_12)
FN:41,(anonymous_13)
FN:44,(anonymous_14)
FN:47,(anonymous_15)
FN:50,(anonymous_16)
FN:53,(anonymous_17)
FN:56,(anonymous_18)
FN:56,(anonymous_19)
FN:59,(anonymous_20)
FN:60,(anonymous_21)
FN:68,(anonymous_22)
FN:71,(anonymous_23)
FN:74,(anonymous_24)
FN:74,(anonymous_25)
FN:77,(anonymous_26)
FN:80,(anonymous_27)
FN:80,(anonymous_28)
FN:83,(anonymous_29)
FN:83,(anonymous_30)
FN:86,(anonymous_31)
FN:86,(anonymous_32)
FN:89,(anonymous_33)
FN:90,(anonymous_34)
FN:93,(anonymous_35)
FN:94,(anonymous_36)
FN:97,(anonymous_37)
FNF:38
FNH:38
FNDA:2,(anonymous_0)
FNDA:1,(anonymous_1)
FNDA:1,(anonymous_2)
FNDA:1,(anonymous_3)
FNDA:1,(anonymous_4)
FNDA:2,(anonymous_5)
FNDA:2,(anonymous_6)
FNDA:2,(anonymous_7)
FNDA:1,(anonymous_8)
FNDA:1,(anonymous_9)
FNDA:1,(anonymous_10)
FNDA:2,(anonymous_11)
FNDA:2,(anonymous_12)
FNDA:1,(anonymous_13)
FNDA:1,(anonymous_14)
FNDA:1,(anonymous_15)
FNDA:1,(anonymous_16)
FNDA:1,(anonymous_17)
FNDA:1,(anonymous_18)
FNDA:4,(anonymous_19)
FNDA:1,(anonymous_20)
FNDA:3,(anonymous_21)
FNDA:1,(anonymous_22)
FNDA:1,(anonymous_23)
FNDA:2,(anonymous_24)
FNDA:8,(anonymous_25)
FNDA:1,(anonymous_26)
FNDA:1,(anonymous_27)
FNDA:8,(anonymous_28)
FNDA:1,(anonymous_29)
FNDA:8,(anonymous_30)
FNDA:1,(anonymous_31)
FNDA:4,(anonymous_32)
FNDA:2,(anonymous_33)
FNDA:7,(anonymous_34)
FNDA:2,(anonymous_35)
FNDA:7,(anonymous_36)
FNDA:1,(anonymous_37)
DA:2,2
DA:5,1
DA:8,1
DA:11,1
DA:14,1
DA:17,2
DA:20,2
DA:23,2
DA:26,1
DA:29,1
DA:32,1
DA:35,2
DA:38,2
DA:41,1
DA:44,1
DA:47,1
DA:50,1
DA:53,1
DA:56,4
DA:59,1
DA:60,1
DA:62,3
DA:63,3
DA:64,3
DA:68,1
DA:71,1
DA:74,8
DA:77,1
DA:80,8
DA:83,8
DA:86,4
DA:89,1
DA:90,7
DA:93,1
DA:94,7
DA:97,1
DA:99,1
LF:37
LH:37
BRDA:62,0,0,0
BRDA:62,0,1,3
BRDA:63,1,0,3
BRDA:63,1,1,2
BRDA:90,2,0,7
BRDA:90,2,1,5
BRDA:94,3,0,7
BRDA:94,3,1,5
BRF:8
BRH:7
end_of_record
TN:
SF:src/dateUtils.js
FN:2,(anonymous_0)
FN:11,(anonymous_1)
FN:21,(anonymous_2)
FN:25,(anonymous_3)
FN:33,(anonymous_4)
FN:38,(anonymous_5)
FN:47,(anonymous_6)
FN:52,(anonymous_7)
FN:59,(anonymous_8)
FN:64,(anonymous_9)
FN:71,(anonymous_10)
FN:78,(anonymous_11)
FN:83,(anonymous_12)
FN:88,(anonymous_13)
FN:99,(anonymous_14)
FN:106,(anonymous_15)
FN:113,(anonymous_16)
FN:121,(anonymous_17)
FN:127,(anonymous_18)
FN:135,(anonymous_19)
FN:144,(anonymous_20)
FN:152,(anonymous_21)
FNF:22
FNH:22
FNDA:3,(anonymous_0)
FNDA:2,(anonymous_1)
FNDA:9,(anonymous_2)
FNDA:2,(anonymous_3)
FNDA:1,(anonymous_4)
FNDA:1,(anonymous_5)
FNDA:1,(anonymous_6)
FNDA:3,(anonymous_7)
FNDA:1,(anonymous_8)
FNDA:1,(anonymous_9)
FNDA:1,(anonymous_10)
FNDA:1,(anonymous_11)
FNDA:1,(anonymous_12)
FNDA:1,(anonymous_13)
FNDA:1,(anonymous_14)
FNDA:1,(anonymous_15)
FNDA:2,(anonymous_16)
FNDA:1,(anonymous_17)
FNDA:1,(anonymous_18)
FNDA:1,(anonymous_19)
FNDA:1,(anonymous_20)
FNDA:1,(anonymous_21)
DA:2,1
DA:3,3
DA:4,3
DA:5,3
DA:6,3
DA:7,3
DA:11,1
DA:12,2
DA:13,2
DA:21,9
DA:25,1
DA:26,2
DA:27,2
DA:28,2
DA:29,2
DA:33,1
DA:34,1
DA:38,1
DA:39,1
DA:40,1
DA:41,1
DA:47,1
DA:48,1
DA:52,1
DA:53,3
DA:54,3
DA:55,3
DA:59,1
DA:60,1
DA:64,1
DA:65,1
DA:66,1
DA:67,1
DA:71,1
DA:72,1
DA:73,1
DA:74,1
DA:78,1
DA:79,1
DA:83,1
DA:84,1
DA:88,1
DA:89,1
DA:90,1
DA:91,1
DA:99,1
DA:100,1
DA:101,1
DA:102,1
DA:106,1
DA:107,1
DA:108,1
DA:109,1
DA:113,1
DA:114,2
DA:115,2
DA:116,2
DA:117,2
DA:121,1
DA:122,1
DA:123,1
DA:127,1
DA:128,1
DA:129,1
DA:130,1
DA:131,1
DA:135,1
DA:136,1
DA:137,1
DA:138,1
DA:139,1
DA:140,1
DA:144,1
DA:145,1
DA:146,1
DA:147,1
DA:148,1
DA:152,1
DA:153,1
DA:154,1
DA:155,1
DA:156,1
DA:159,1
LF:83
LH:83
BRDA:92,0,0,1
BRDA:92,0,1,1
BRDA:92,0,2,1
BRDA:113,1,0,1
BRDA:116,2,0,0
BRDA:116,2,1,2
BRDA:121,3,0,1
BRF:7
BRH:6
end_of_record
TN:
SF:src/objectUtils.js
FN:2,(anonymous_0)
FN:5,(anonymous_1)
FN:8,(anonymous_2)
FN:12,(anonymous_3)
FN:24,(anonymous_4)
FN:25,(anonymous_5)
FN:28,(anonymous_6)
FN:29,(anonymous_7)
FN:40,(anonymous_8)
FN:42,(anonymous_9)
FN:51,(anonymous_10)
FN:54,(anonymous_11)
FN:57,(anonymous_12)
FN:60,(anonymous_13)
FN:63,(anonymous_14)
FN:66,(anonymous_15)
FN:69,(anonymous_16)
FN:72,(anonymous_17)
FN:73,(anonymous_18)
FN:79,(anonymous_19)
FN:80,(anonymous_20)
FN:86,(anonymous_21)
FN:89,(anonymous_22)
FN:92,(anonymous_23)
FN:95,(anonymous_24)
FN:97,(anonymous_25)
FN:101,(anonymous_26)
FN:103,(anonymous_27)
FN:107,(anonymous_28)
FNF:29
FNH:29
FNDA:2,(anonymous_0)
FNDA:1,(anonymous_1)
FNDA:4,(anonymous_2)
FNDA:3,(anonymous_3)
FNDA:1,(anonymous_4)
FNDA:3,(anonymous_5)
FNDA:1,(anonymous_6)
FNDA:3,(anonymous_7)
FNDA:1,(anonymous_8)
FNDA:3,(anonymous_9)
FNDA:2,(anonymous_10)
FNDA:2,(anonymous_11)
FNDA:1,(anonymous_12)
FNDA:1,(anonymous_13)
FNDA:1,(anonymous_14)
FNDA:1,(anonymous_15)
FNDA:1,(anonymous_16)
FNDA:1,(anonymous_17)
FNDA:2,(anonymous_18)
FNDA:1,(anonymous_19)
FNDA:3,(anonymous_20)
FNDA:1,(anonymous_21)
FNDA:2,(anonymous_22)
FNDA:2,(anonymous_23)
FNDA:1,(anonymous_24)
FNDA:2,(anonymous_25)
FNDA:1,(anonymous_26)
FNDA:2,(anonymous_27)
FNDA:2,(anonymous_28)
DA:2,2
DA:5,1
DA:8,1
DA:9,4
DA:10,2
DA:11,2
DA:12,2
DA:13,3
DA:14,1
DA:15,1
DA:17,2
DA:20,2
DA:24,1
DA:25,3
DA:28,1
DA:29,1
DA:30,3
DA:31,1
DA:33,2
DA:35,3
DA:40,1
DA:41,1
DA:42,1
DA:43,3
DA:44,1
DA:46,3
DA:51,2
DA:54,2
DA:57,1
DA:60,1
DA:63,1
DA:66,1
DA:69,1
DA:72,1
DA:73,1
DA:74,2
DA:75,2
DA:79,1
DA:80,1
DA:81,3
DA:82,3
DA:86,1
DA:89,2
DA:92,2
DA:95,1
DA:96,1
DA:97,2
DA:101,1
DA:102,1
DA:103,2
DA:107,1
DA:108,2
DA:110,1
LF:53
LH:53
BRDA:9,0,0,2
BRDA:9,0,1,2
BRDA:11,1,0,0
BRDA:11,1,1,2
BRDA:13,2,0,1
BRDA:13,2,1,2
BRDA:14,3,0,0
BRDA:14,3,1,1
BRDA:25,4,0,3
BRDA:25,4,1,3
BRDA:30,5,0,1
BRDA:30,5,1,2
BRDA:33,6,0,0
BRDA:33,6,1,2
BRDA:43,7,0,1
BRDA:43,7,1,2
BRDA:74,8,0,2
BRDA:74,8,1,0
BRDA:81,9,0,2
BRDA:81,9,1,1
BRF:20
BRH:16
end_of_record
TN:
SF:src/stringUtils.js
FN:2,(anonymous_0)
FN:5,(anonymous_1)
FN:8,(anonymous_2)
FN:11,(anonymous_3)
FN:14,(anonymous_4)
FN:17,(anonymous_5)
FN:21,(anonymous_6)
FN:25,(anonymous_7)
FN:29,(anonymous_8)
FN:32,(anonymous_9)
FN:35,(anonymous_10)
FN:38,(anonymous_11)
FN:41,(anonymous_12)
FN:44,(anonymous_13)
FN:47,(anonymous_14)
FN:50,(anonymous_15)
FN:54,(anonymous_16)
FN:57,(anonymous_17)
FN:60,(anonymous_18)
FN:63,(anonymous_19)
FN:66,(anonymous_20)
FN:69,(anonymous_21)
FN:73,(anonymous_22)
FN:76,(anonymous_23)
FN:79,(anonymous_24)
FN:82,(anonymous_25)
FN:85,(anonymous_26)
FN:88,(anonymous_27)
FN:91,(anonymous_28)
FN:94,(anonymous_29)
FN:97,(anonymous_30)
FN:100,(anonymous_31)
FN:103,(anonymous_32)
FN:106,(anonymous_33)
FN:115,(anonymous_34)
FN:124,(anonymous_35)
FN:135,(anonymous_36)
FN:143,(anonymous_37)
FN:146,(anonymous_38)
FN:147,(anonymous_39)
FN:150,(anonymous_40)
FN:152,(anonymous_41)
FN:156,(anonymous_42)
FN:163,(anonymous_43)
FN:170,(anonymous_44)
FN:174,(anonymous_45)
FNF:46
FNH:32
FNDA:1,(anonymous_0)
FNDA:0,(anonymous_1)
FNDA:0,(anonymous_2)
FNDA:1,(anonymous_3)
FNDA:0,(anonymous_4)
FNDA:1,(anonymous_5)
FNDA:0,(anonymous_6)
FNDA:0,(anonymous_7)
FNDA:1,(anonymous_8)
FNDA:1,(anonymous_9)
FNDA:1,(anonymous_10)
FNDA:1,(anonymous_11)
FNDA:0,(anonymous_12)
FNDA:0,(anonymous_13)
FNDA:1,(anonymous_14)
FNDA:1,(anonymous_15)
FNDA:1,(anonymous_16)
FNDA:1,(anonymous_17)
FNDA:1,(anonymous_18)
FNDA:1,(anonymous_19)
FNDA:1,(anonymous_20)
FNDA:1,(anonymous_21)
FNDA:1,(anonymous_22)
FNDA:1,(anonymous_23)
FNDA:1,(anonymous_24)
FNDA:0,(anonymous_25)
FNDA:0,(anonymous_26)
FNDA:2,(anonymous_27)
FNDA:2,(anonymous_28)
FNDA:2,(anonymous_29)
FNDA:0,(anonymous_30)
FNDA:0,(anonymous_31)
FNDA:0,(anonymous_32)
FNDA:0,(anonymous_33)
FNDA:0,(anonymous_34)
FNDA:1,(anonymous_35)
FNDA:1,(anonymous_36)
FNDA:1,(anonymous_37)
FNDA:1,(anonymous_38)
FNDA:1,(anonymous_39)
FNDA:1,(anonymous_40)
FNDA:1,(anonymous_41)
FNDA:1,(anonymous_42)
FNDA:1,(anonymous_43)
FNDA:1,(anonymous_44)
FNDA:2,(anonymous_45)
DA:2,1
DA:5,1
DA:8,1
DA:11,1
DA:14,1
DA:17,1
DA:18,1
DA:21,1
DA:22,0
DA:25,0
DA:29,1
DA:32,1
DA:35,1
DA:38,1
DA:41,1
DA:44,1
DA:47,1
DA:50,1
DA:51,1
DA:54,1
DA:57,1
DA:60,1
DA:63,1
DA:66,1
DA:69,1
DA:70,1
DA:73,1
DA:76,1
DA:79,1
DA:82,1
DA:85,1
DA:88,2
DA:91,2
DA:94,2
DA:97,1
DA:100,1
DA:103,1
DA:106,1
DA:107,0
DA:115,1
DA:116,0
DA:124,1
DA:126,1
DA:127,1
DA:128,1
DA:129,10
DA:131,1
DA:135,1
DA:136,1
DA:143,1
DA:144,1
DA:146,1
DA:147,1
DA:150,1
DA:151,1
DA:152,1
DA:156,1
DA:157,1
DA:163,1
DA:164,1
DA:170,1
DA:171,1
DA:174,2
DA:177,1
LF:64
LH:60
BRDA:69,0,0,0
BRDA:73,1,0,0
BRF:2
BRH:0
end_of_record
